This file contains any messages produced by compilers while
running configure, to aid debugging if configure makes a mistake.

It was created by configure, which was
generated by GNU Autoconf 2.59.  Invocation command line was

  $ ./configure --enable-maintainer-mode

## --------- ##
## Platform. ##
## --------- ##

hostname = koala
uname -m = i686
uname -r = 2.6.12-10-386
uname -s = Linux
uname -v = #1 Thu Dec 22 11:37:10 UTC 2005

/usr/bin/uname -p = unknown
/bin/uname -X     = unknown

/bin/arch              = i686
/usr/bin/arch -k       = unknown
/usr/convex/getsysinfo = unknown
hostinfo               = unknown
/bin/machine           = unknown
/usr/bin/oslevel       = unknown
/bin/universe          = unknown

PATH: /usr/local/sbin
PATH: /usr/local/bin
PATH: /usr/sbin
PATH: /usr/bin
PATH: /sbin
PATH: /bin
PATH: /usr/bin/X11
PATH: /usr/local/epics/base/bin/linux-x86
PATH: /usr/local/epics/extensions/bin/linux-x86
PATH: /usr/local/rtems/rtems4.7/bin
PATH: /home/peter/bin
PATH: /sbin
PATH: /usr/sbin
PATH: /home/peter/bin
PATH: /home/peter/bin
PATH: /sbin
PATH: /usr/sbin


## ----------- ##
## Core tests. ##
## ----------- ##

configure:1354: checking for a BSD-compatible install
configure:1409: result: /usr/bin/install -c
configure:1420: checking whether build environment is sane
configure:1463: result: yes
configure:1478: checking whether make sets $(MAKE)
configure:1498: result: yes
configure:1530: checking for working aclocal-1.4
configure:1537: result: found
configure:1545: checking for working autoconf
configure:1552: result: found
configure:1560: checking for working automake-1.4
configure:1567: result: found
configure:1575: checking for working autoheader
configure:1582: result: found
configure:1590: checking for working makeinfo
configure:1601: result: missing
configure:1611: checking whether to enable maintainer-specific portions of Makefiles
configure:1620: result: yes
configure:1681: checking for gcc
configure:1697: found /usr/bin/gcc
configure:1707: result: gcc
configure:1951: checking for C compiler version
configure:1954: gcc --version </dev/null >&5
gcc (GCC) 4.0.2 20050808 (prerelease) (Ubuntu 4.0.1-4ubuntu9)
Copyright (C) 2005 Free Software Foundation, Inc.
This is free software; see the source for copying conditions.  There is NO
warranty; not even for MERCHANTABILITY or FITNESS FOR A PARTICULAR PURPOSE.

configure:1957: $? = 0
configure:1959: gcc -v </dev/null >&5
Using built-in specs.
Target: i486-linux-gnu
Configured with: ../src/configure -v --enable-languages=c,c++,java,f95,objc,ada,treelang --prefix=/usr --with-gxx-include-dir=/usr/include/c++/4.0.2 --enable-shared --with-system-zlib --libexecdir=/usr/lib --enable-nls --without-included-gettext --enable-threads=posix --program-suffix=-4.0 --enable-__cxa_atexit --enable-libstdcxx-allocator=mt --enable-clocale=gnu --enable-libstdcxx-debug --enable-java-gc=boehm --enable-java-awt=gtk --enable-gtk-cairo --with-java-home=/usr/lib/jvm/java-1.4.2-gcj-4.0-1.4.2.0/jre --enable-mpfr --disable-werror --enable-checking=release i486-linux-gnu
Thread model: posix
gcc version 4.0.2 20050808 (prerelease) (Ubuntu 4.0.1-4ubuntu9)
configure:1962: $? = 0
configure:1964: gcc -V </dev/null >&5
gcc: '-V' option must have argument
configure:1967: $? = 1
configure:1990: checking for C compiler default output file name
configure:1993: gcc    conftest.c  >&5
configure:1996: $? = 0
configure:2042: result: a.out
configure:2047: checking whether the C compiler works
configure:2053: ./a.out
configure:2056: $? = 0
configure:2073: result: yes
configure:2080: checking whether we are cross compiling
configure:2082: result: no
configure:2085: checking for suffix of executables
configure:2087: gcc -o conftest    conftest.c  >&5
configure:2090: $? = 0
configure:2115: result: 
configure:2121: checking for suffix of object files
configure:2142: gcc -c   conftest.c >&5
configure:2145: $? = 0
configure:2167: result: o
configure:2171: checking whether we are using the GNU C compiler
configure:2195: gcc -c   conftest.c >&5
configure:2201: $? = 0
configure:2204: test -z 			 || test ! -s conftest.err
configure:2207: $? = 0
configure:2210: test -s conftest.o
configure:2213: $? = 0
configure:2226: result: yes
configure:2232: checking whether gcc accepts -g
configure:2253: gcc -c -g  conftest.c >&5
configure:2259: $? = 0
configure:2262: test -z 			 || test ! -s conftest.err
configure:2265: $? = 0
configure:2268: test -s conftest.o
configure:2271: $? = 0
configure:2282: result: yes
configure:2299: checking for gcc option to accept ANSI C
configure:2369: gcc  -c -g -O2  conftest.c >&5
configure:2375: $? = 0
configure:2378: test -z 			 || test ! -s conftest.err
configure:2381: $? = 0
configure:2384: test -s conftest.o
configure:2387: $? = 0
configure:2405: result: none needed
configure:2423: gcc -c -g -O2  conftest.c >&5
conftest.c:2: error: syntax error before 'me'
configure:2429: $? = 1
configure: failed program was:
| #ifndef __cplusplus
|   choke me
| #endif
configure:2561: checking for strerror in -lcposix
configure:2591: gcc -o conftest -g -O2   conftest.c -lcposix   >&5
/usr/bin/ld: cannot find -lcposix
collect2: ld returned 1 exit status
configure:2597: $? = 1
configure: failed program was:
| /* confdefs.h.  */
| 
| #define PACKAGE_NAME ""
| #define PACKAGE_TARNAME ""
| #define PACKAGE_VERSION ""
| #define PACKAGE_STRING ""
| #define PACKAGE_BUGREPORT ""
| #define PACKAGE "asic_dac_trim"
| #define VERSION "0.1"
| /* end confdefs.h.  */
| 
| /* Override any gcc2 internal prototype to avoid an error.  */
| #ifdef __cplusplus
| extern "C"
| #endif
| /* We use char because int might match the return type of a gcc2
|    builtin and then its argument prototype would still apply.  */
| char strerror ();
| int
| main ()
| {
| strerror ();
|   ;
|   return 0;
| }
configure:2622: result: no
configure:2676: checking for gcc
configure:2702: result: gcc
configure:2946: checking for C compiler version
configure:2949: gcc --version </dev/null >&5
gcc (GCC) 4.0.2 20050808 (prerelease) (Ubuntu 4.0.1-4ubuntu9)
Copyright (C) 2005 Free Software Foundation, Inc.
This is free software; see the source for copying conditions.  There is NO
warranty; not even for MERCHANTABILITY or FITNESS FOR A PARTICULAR PURPOSE.

configure:2952: $? = 0
configure:2954: gcc -v </dev/null >&5
Using built-in specs.
Target: i486-linux-gnu
Configured with: ../src/configure -v --enable-languages=c,c++,java,f95,objc,ada,treelang --prefix=/usr --with-gxx-include-dir=/usr/include/c++/4.0.2 --enable-shared --with-system-zlib --libexecdir=/usr/lib --enable-nls --without-included-gettext --enable-threads=posix --program-suffix=-4.0 --enable-__cxa_atexit --enable-libstdcxx-allocator=mt --enable-clocale=gnu --enable-libstdcxx-debug --enable-java-gc=boehm --enable-java-awt=gtk --enable-gtk-cairo --with-java-home=/usr/lib/jvm/java-1.4.2-gcj-4.0-1.4.2.0/jre --enable-mpfr --disable-werror --enable-checking=release i486-linux-gnu
Thread model: posix
gcc version 4.0.2 20050808 (prerelease) (Ubuntu 4.0.1-4ubuntu9)
configure:2957: $? = 0
configure:2959: gcc -V </dev/null >&5
gcc: '-V' option must have argument
configure:2962: $? = 1
configure:2965: checking whether we are using the GNU C compiler
configure:3020: result: yes
configure:3026: checking whether gcc accepts -g
configure:3076: result: yes
configure:3093: checking for gcc option to accept ANSI C
configure:3199: result: none needed
configure:3217: gcc -c -g -O2  conftest.c >&5
conftest.c:2: error: syntax error before 'me'
configure:3223: $? = 1
configure: failed program was:
| #ifndef __cplusplus
|   choke me
| #endif
configure:3356: checking for gcc option to accept ANSI C
configure:3418: gcc  -c -g -O2  conftest.c >&5
configure:3424: $? = 0
configure:3427: test -z 			 || test ! -s conftest.err
configure:3430: $? = 0
configure:3433: test -s conftest.o
configure:3436: $? = 0
configure:3451: result: none needed
configure:3467: checking how to run the C preprocessor
configure:3502: gcc -E  conftest.c
configure:3508: $? = 0
configure:3540: gcc -E  conftest.c
conftest.c:11:28: error: ac_nonexistent.h: No such file or directory
configure:3546: $? = 1
configure: failed program was:
| /* confdefs.h.  */
| 
| #define PACKAGE_NAME ""
| #define PACKAGE_TARNAME ""
| #define PACKAGE_VERSION ""
| #define PACKAGE_STRING ""
| #define PACKAGE_BUGREPORT ""
| #define PACKAGE "asic_dac_trim"
| #define VERSION "0.1"
| /* end confdefs.h.  */
| #include <ac_nonexistent.h>
configure:3585: result: gcc -E
configure:3609: gcc -E  conftest.c
configure:3615: $? = 0
configure:3647: gcc -E  conftest.c
conftest.c:11:28: error: ac_nonexistent.h: No such file or directory
configure:3653: $? = 1
configure: failed program was:
| /* confdefs.h.  */
| 
| #define PACKAGE_NAME ""
| #define PACKAGE_TARNAME ""
| #define PACKAGE_VERSION ""
| #define PACKAGE_STRING ""
| #define PACKAGE_BUGREPORT ""
| #define PACKAGE "asic_dac_trim"
| #define VERSION "0.1"
| /* end confdefs.h.  */
| #include <ac_nonexistent.h>
configure:3697: checking for egrep
configure:3707: result: grep -E
configure:3712: checking for ANSI C header files
configure:3737: gcc -c -g -O2  conftest.c >&5
configure:3743: $? = 0
configure:3746: test -z 			 || test ! -s conftest.err
configure:3749: $? = 0
configure:3752: test -s conftest.o
configure:3755: $? = 0
configure:3844: gcc -o conftest -g -O2   conftest.c  >&5
conftest.c: In function 'main':
conftest.c:28: warning: incompatible implicit declaration of built-in function 'exit'
configure:3847: $? = 0
configure:3849: ./conftest
configure:3852: $? = 0
configure:3867: result: yes
configure:3927: checking for pkg-config
configure:3945: found /usr/bin/pkg-config
configure:3957: result: /usr/bin/pkg-config
configure:3972: checking pkg-config is at least version 0.9.0
configure:3975: result: yes
configure:3986: checking for PACKAGE
configure:3991: $PKG_CONFIG --exists --print-errors "$pkg_modules"
configure:3994: $? = 0
configure:4005: $PKG_CONFIG --exists --print-errors "$pkg_modules"
configure:4008: $? = 0
configure:4063: result: yes
configure:4093: checking for sys/types.h
configure:4109: gcc -c -g -O2  conftest.c >&5
configure:4115: $? = 0
configure:4118: test -z 			 || test ! -s conftest.err
configure:4121: $? = 0
configure:4124: test -s conftest.o
configure:4127: $? = 0
configure:4138: result: yes
configure:4093: checking for sys/stat.h
configure:4109: gcc -c -g -O2  conftest.c >&5
configure:4115: $? = 0
configure:4118: test -z 			 || test ! -s conftest.err
configure:4121: $? = 0
configure:4124: test -s conftest.o
configure:4127: $? = 0
configure:4138: result: yes
configure:4093: checking for stdlib.h
configure:4109: gcc -c -g -O2  conftest.c >&5
configure:4115: $? = 0
configure:4118: test -z 			 || test ! -s conftest.err
configure:4121: $? = 0
configure:4124: test -s conftest.o
configure:4127: $? = 0
configure:4138: result: yes
configure:4093: checking for string.h
configure:4109: gcc -c -g -O2  conftest.c >&5
configure:4115: $? = 0
configure:4118: test -z 			 || test ! -s conftest.err
configure:4121: $? = 0
configure:4124: test -s conftest.o
configure:4127: $? = 0
configure:4138: result: yes
configure:4093: checking for memory.h
configure:4109: gcc -c -g -O2  conftest.c >&5
configure:4115: $? = 0
configure:4118: test -z 			 || test ! -s conftest.err
configure:4121: $? = 0
configure:4124: test -s conftest.o
configure:4127: $? = 0
configure:4138: result: yes
configure:4093: checking for strings.h
configure:4109: gcc -c -g -O2  conftest.c >&5
configure:4115: $? = 0
configure:4118: test -z 			 || test ! -s conftest.err
configure:4121: $? = 0
configure:4124: test -s conftest.o
configure:4127: $? = 0
configure:4138: result: yes
configure:4093: checking for inttypes.h
configure:4109: gcc -c -g -O2  conftest.c >&5
configure:4115: $? = 0
configure:4118: test -z 			 || test ! -s conftest.err
configure:4121: $? = 0
configure:4124: test -s conftest.o
configure:4127: $? = 0
configure:4138: result: yes
configure:4093: checking for stdint.h
configure:4109: gcc -c -g -O2  conftest.c >&5
configure:4115: $? = 0
configure:4118: test -z 			 || test ! -s conftest.err
configure:4121: $? = 0
configure:4124: test -s conftest.o
configure:4127: $? = 0
configure:4138: result: yes
configure:4093: checking for unistd.h
configure:4109: gcc -c -g -O2  conftest.c >&5
configure:4115: $? = 0
configure:4118: test -z 			 || test ! -s conftest.err
configure:4121: $? = 0
configure:4124: test -s conftest.o
configure:4127: $? = 0
configure:4138: result: yes
configure:4165: checking locale.h usability
configure:4177: gcc -c -g -O2  conftest.c >&5
configure:4183: $? = 0
configure:4186: test -z 			 || test ! -s conftest.err
configure:4189: $? = 0
configure:4192: test -s conftest.o
configure:4195: $? = 0
configure:4205: result: yes
configure:4209: checking locale.h presence
configure:4219: gcc -E  conftest.c
configure:4225: $? = 0
configure:4245: result: yes
configure:4280: checking for locale.h
configure:4287: result: yes
configure:4301: checking for LC_MESSAGES
configure:4322: gcc -o conftest -g -O2   conftest.c  >&5
configure:4328: $? = 0
configure:4331: test -z 			 || test ! -s conftest.err
configure:4334: $? = 0
configure:4337: test -s conftest
configure:4340: $? = 0
configure:4352: result: yes
configure:4381: checking libintl.h usability
configure:4393: gcc -c -g -O2  conftest.c >&5
configure:4399: $? = 0
configure:4402: test -z 			 || test ! -s conftest.err
configure:4405: $? = 0
configure:4408: test -s conftest.o
configure:4411: $? = 0
configure:4421: result: yes
configure:4425: checking libintl.h presence
configure:4435: gcc -E  conftest.c
configure:4441: $? = 0
configure:4461: result: yes
configure:4496: checking for libintl.h
configure:4503: result: yes
configure:4514: checking for ngettext in libc
configure:4537: gcc -o conftest -g -O2   conftest.c  >&5
configure:4543: $? = 0
configure:4546: test -z 			 || test ! -s conftest.err
configure:4549: $? = 0
configure:4552: test -s conftest
configure:4555: $? = 0
configure:4568: result: yes
configure:4572: checking for dgettext in libc
configure:4595: gcc -o conftest -g -O2   conftest.c  >&5
configure:4601: $? = 0
configure:4604: test -z 			 || test ! -s conftest.err
configure:4607: $? = 0
configure:4610: test -s conftest
configure:4613: $? = 0
configure:4626: result: yes
configure:4635: checking for bind_textdomain_codeset
configure:4692: gcc -o conftest -g -O2   conftest.c  >&5
configure:4698: $? = 0
configure:4701: test -z 			 || test ! -s conftest.err
configure:4704: $? = 0
configure:4707: test -s conftest
configure:4710: $? = 0
configure:4722: result: yes
configure:5226: checking for msgfmt
configure:5253: result: /usr/bin/msgfmt
configure:5266: checking for dcgettext
configure:5323: gcc -o conftest -g -O2   conftest.c   >&5
conftest.c:50: warning: conflicting types for built-in function 'dcgettext'
configure:5329: $? = 0
configure:5332: test -z 			 || test ! -s conftest.err
configure:5335: $? = 0
configure:5338: test -s conftest
configure:5341: $? = 0
configure:5353: result: yes
configure:5365: checking for gmsgfmt
configure:5396: result: /usr/bin/msgfmt
configure:5405: checking for xgettext
configure:5432: result: /usr/bin/xgettext
configure:5456: gcc -o conftest -g -O2   conftest.c   >&5
configure:5462: $? = 0
configure:5465: test -z 			 || test ! -s conftest.err
configure:5468: $? = 0
configure:5471: test -s conftest
configure:5474: $? = 0
configure:5800: creating ./config.status

## ---------------------- ##
## Running config.status. ##
## ---------------------- ##

This file was extended by config.status, which was
generated by GNU Autoconf 2.59.  Invocation command line was

  CONFIG_FILES    = 
  CONFIG_HEADERS  = 
  CONFIG_LINKS    = 
  CONFIG_COMMANDS = 
  $ ./config.status 

on koala

config.status:735: creating Makefile
config.status:735: creating src/Makefile
config.status:735: creating po/Makefile.in
config.status:801: creating config.h
config.status:921: config.h is unchanged
config.status:1079: executing default-1 commands
config.status:1079: executing default-2 commands

## ---------------- ##
## Cache variables. ##
## ---------------- ##

ac_cv_c_compiler_gnu=yes
ac_cv_env_CC_set=
ac_cv_env_CC_value=
ac_cv_env_CFLAGS_set=
ac_cv_env_CFLAGS_value=
ac_cv_env_CPPFLAGS_set=
ac_cv_env_CPPFLAGS_value=
ac_cv_env_CPP_set=
ac_cv_env_CPP_value=
ac_cv_env_LDFLAGS_set=
ac_cv_env_LDFLAGS_value=
ac_cv_env_PACKAGE_CFLAGS_set=
ac_cv_env_PACKAGE_CFLAGS_value=
ac_cv_env_PACKAGE_LIBS_set=
ac_cv_env_PACKAGE_LIBS_value=
ac_cv_env_PKG_CONFIG_set=
ac_cv_env_PKG_CONFIG_value=
ac_cv_env_build_alias_set=
ac_cv_env_build_alias_value=
ac_cv_env_host_alias_set=
ac_cv_env_host_alias_value=
ac_cv_env_target_alias_set=
ac_cv_env_target_alias_value=
ac_cv_exeext=
ac_cv_func_bind_textdomain_codeset=yes
ac_cv_func_dcgettext=yes
ac_cv_header_inttypes_h=yes
ac_cv_header_libintl_h=yes
ac_cv_header_locale_h=yes
ac_cv_header_memory_h=yes
ac_cv_header_stdc=yes
ac_cv_header_stdint_h=yes
ac_cv_header_stdlib_h=yes
ac_cv_header_string_h=yes
ac_cv_header_strings_h=yes
ac_cv_header_sys_stat_h=yes
ac_cv_header_sys_types_h=yes
ac_cv_header_unistd_h=yes
ac_cv_lib_cposix_strerror=no
ac_cv_objext=o
ac_cv_path_GMSGFMT=/usr/bin/msgfmt
ac_cv_path_MSGFMT=/usr/bin/msgfmt
ac_cv_path_XGETTEXT=/usr/bin/xgettext
ac_cv_path_ac_pt_PKG_CONFIG=/usr/bin/pkg-config
ac_cv_path_install='/usr/bin/install -c'
ac_cv_prog_CPP='gcc -E'
ac_cv_prog_ac_ct_CC=gcc
ac_cv_prog_cc_g=yes
ac_cv_prog_cc_stdc=
ac_cv_prog_egrep='grep -E'
ac_cv_prog_make_make_set=yes
am_cv_prog_cc_stdc=
am_cv_val_LC_MESSAGES=yes
gt_cv_func_dgettext_libc=yes
gt_cv_func_dgettext_libintl=no
gt_cv_func_ngettext_libc=yes
gt_cv_have_gettext=yes
pkg_cv_PACKAGE_CFLAGS='-I/usr/include/gtk-2.0 -I/usr/lib/gtk-2.0/include -I/usr/include/atk-1.0 -I/usr/include/cairo -I/usr/include/pango-1.0 -I/usr/include/glib-2.0 -I/usr/lib/glib-2.0/include  '
pkg_cv_PACKAGE_LIBS='-lgtk-x11-2.0 -lgdk-x11-2.0 -latk-1.0 -lgdk_pixbuf-2.0 -lm -lpangocairo-1.0 -lfontconfig -lXinerama -lXi -lXrandr -lXext -lXcursor -lXfixes -lpango-1.0 -lcairo -lXrender -lX11 -lgobject-2.0 -lgmodule-2.0 -ldl -lglib-2.0  '

## ----------------- ##
## Output variables. ##
## ----------------- ##

ACLOCAL='aclocal-1.4'
AUTOCONF='autoconf'
AUTOHEADER='autoheader'
AUTOMAKE='automake-1.4'
CATALOGS=''
CATOBJEXT='.gmo'
CC='gcc'
CFLAGS='-g -O2'
CPP='gcc -E'
CPPFLAGS=''
DATADIRNAME='share'
DEFS='-DHAVE_CONFIG_H'
ECHO_C=''
ECHO_N='-n'
ECHO_T=''
EGREP='grep -E'
EXEEXT=''
GETTEXT_PACKAGE='asic_dac_trim'
GMOFILES=''
GMSGFMT='/usr/bin/msgfmt'
INSTALL_DATA='${INSTALL} -m 644'
INSTALL_PROGRAM='${INSTALL}'
INSTALL_SCRIPT='${INSTALL}'
INSTOBJEXT='.mo'
INTLLIBS=''
LDFLAGS=''
LIBOBJS=''
LIBS=''
LTLIBOBJS=''
MAINT=''
MAINTAINER_MODE_FALSE='#'
MAINTAINER_MODE_TRUE=''
MAKEINFO='/home/peter/Projects/asic_dac_trim/missing makeinfo'
MKINSTALLDIRS='./mkinstalldirs'
MSGFMT='/usr/bin/msgfmt'
OBJEXT='o'
PACKAGE='asic_dac_trim'
PACKAGE_BUGREPORT=''
PACKAGE_CFLAGS='-I/usr/include/gtk-2.0 -I/usr/lib/gtk-2.0/include -I/usr/include/atk-1.0 -I/usr/include/cairo -I/usr/include/pango-1.0 -I/usr/include/glib-2.0 -I/usr/lib/glib-2.0/include  '
PACKAGE_LIBS='-lgtk-x11-2.0 -lgdk-x11-2.0 -latk-1.0 -lgdk_pixbuf-2.0 -lm -lpangocairo-1.0 -lfontconfig -lXinerama -lXi -lXrandr -lXext -lXcursor -lXfixes -lpango-1.0 -lcairo -lXrender -lX11 -lgobject-2.0 -lgmodule-2.0 -ldl -lglib-2.0  '
PACKAGE_NAME=''
PACKAGE_STRING=''
PACKAGE_TARNAME=''
PACKAGE_VERSION=''
PATH_SEPARATOR=':'
PKG_CONFIG='/usr/bin/pkg-config'
POFILES=''
POSUB='po'
PO_IN_DATADIR_FALSE=''
PO_IN_DATADIR_TRUE=''
SET_MAKE=''
SHELL='/bin/sh'
USE_NLS='yes'
VERSION='0.1'
XGETTEXT='/usr/bin/xgettext'
ac_ct_CC='gcc'
ac_pt_PKG_CONFIG='/usr/bin/pkg-config'
bindir='${exec_prefix}/bin'
build_alias=''
datadir='${prefix}/share'
exec_prefix='${prefix}'
host_alias=''
includedir='${prefix}/include'
infodir='${prefix}/info'
libdir='${exec_prefix}/lib'
libexecdir='${exec_prefix}/libexec'
localstatedir='${prefix}/var'
mandir='${prefix}/man'
oldincludedir='/usr/include'
prefix='/usr/local'
program_transform_name='s,x,x,'
sbindir='${exec_prefix}/sbin'
sharedstatedir='${prefix}/com'
sysconfdir='${prefix}/etc'
target_alias=''

## ----------- ##
## confdefs.h. ##
## ----------- ##

#define ENABLE_NLS 1
#define GETTEXT_PACKAGE "asic_dac_trim"
#define HAVE_BIND_TEXTDOMAIN_CODESET 1
#define HAVE_DCGETTEXT 1
#define HAVE_GETTEXT 1
#define HAVE_INTTYPES_H 1
#define HAVE_LC_MESSAGES 1
#define HAVE_LOCALE_H 1
#define HAVE_MEMORY_H 1
#define HAVE_STDINT_H 1
#define HAVE_STDLIB_H 1
#define HAVE_STRINGS_H 1
#define HAVE_STRING_H 1
#define HAVE_SYS_STAT_H 1
#define HAVE_SYS_TYPES_H 1
#define HAVE_UNISTD_H 1
#define PACKAGE "asic_dac_trim"
#define PACKAGE_BUGREPORT ""
#define PACKAGE_NAME ""
#define PACKAGE_STRING ""
#define PACKAGE_TARNAME ""
#define PACKAGE_VERSION ""
#define STDC_HEADERS 1
#define VERSION "0.1"

configure: exit 0
